# JRE version: OpenJDK Runtime Environment Microsoft-11926163 (17.0.16+8) (build 17.0.16+8-LTS)
# Java VM: OpenJDK 64-Bit Server VM Microsoft-11926163 (17.0.16+8-LTS, mixed mode, sharing, tiered, compressed oops, compressed class ptrs, g1 gc, windows-amd64)
GC Precious Log:
 CPUs: 12 total, 12 available
 Memory: 11995M
 Large Page Support: Disabled
 NUMA Support: Disabled
 Compressed Oops: Enabled (32-bit)
 Heap Region Size: 1M
 Heap Min Capacity: 8M
 Heap Initial Capacity: 188M
 Heap Max Capacity: 2G
 Pre-touch: Disabled
 Parallel Workers: 10
 Concurrent Workers: 3
 Concurrent Refinement Workers: 10
 Periodic GC: Disabled
Heap:
 garbage-first heap   total 273408K, used 213159K [0x0000000080000000, 0x0000000100000000)
  region size 1024K, 74 young (75776K), 9 survivors (9216K)
 Metaspace       used 162425K, committed 163456K, reserved 1245184K
  class space    used 20702K, committed 21248K, reserved 1048576K
GC Heap History (20 events):
Event: 39.061 GC heap before
{Heap before GC invocations=55 (full 0):
 garbage-first heap   total 245760K, used 200764K [0x0000000080000000, 0x0000000100000000)
  region size 1024K, 61 young (62464K), 8 survivors (8192K)
 Metaspace       used 141446K, committed 142336K, reserved 1179648K
  class space    used 17817K, committed 18240K, reserved 1048576K
}
Event: 39.065 GC heap after
{Heap after GC invocations=56 (full 0):
 garbage-first heap   total 245760K, used 147326K [0x0000000080000000, 0x0000000100000000)
  region size 1024K, 3 young (3072K), 3 survivors (3072K)
 Metaspace       used 141446K, committed 142336K, reserved 1179648K
  class space    used 17817K, committed 18240K, reserved 1048576K
}
Event: 39.852 GC heap before
{Heap before GC invocations=56 (full 0):
 garbage-first heap   total 245760K, used 202622K [0x0000000080000000, 0x0000000100000000)
  region size 1024K, 57 young (58368K), 3 survivors (3072K)
 Metaspace       used 145605K, committed 146496K, reserved 1179648K
  class space    used 18521K, committed 18944K, reserved 1048576K
}
Event: 39.855 GC heap after
{Heap after GC invocations=57 (full 0):
 garbage-first heap   total 245760K, used 148973K [0x0000000080000000, 0x0000000100000000)
  region size 1024K, 4 young (4096K), 4 survivors (4096K)
 Metaspace       used 145605K, committed 146496K, reserved 1179648K
  class space    used 18521K, committed 18944K, reserved 1048576K
}
Event: 40.862 GC heap before
{Heap before GC invocations=57 (full 0):
 garbage-first heap   total 245760K, used 205293K [0x0000000080000000, 0x0000000100000000)
  region size 1024K, 59 young (60416K), 4 survivors (4096K)
 Metaspace       used 149555K, committed 150528K, reserved 1245184K
  class space    used 19112K, committed 19584K, reserved 1048576K
}
Event: 40.868 GC heap after
{Heap after GC invocations=58 (full 0):
 garbage-first heap   total 245760K, used 144532K [0x0000000080000000, 0x0000000100000000)
  region size 1024K, 7 young (7168K), 7 survivors (7168K)
 Metaspace       used 149555K, committed 150528K, reserved 1245184K
  class space    used 19112K, committed 19584K, reserved 1048576K
}
Event: 41.673 GC heap before
{Heap before GC invocations=58 (full 0):
 garbage-first heap   total 245760K, used 205972K [0x0000000080000000, 0x0000000100000000)
  region size 1024K, 67 young (68608K), 7 survivors (7168K)
 Metaspace       used 153418K, committed 154368K, reserved 1245184K
  class space    used 19682K, committed 20096K, reserved 1048576K
}
Event: 41.678 GC heap after
{Heap after GC invocations=59 (full 0):
 garbage-first heap   total 245760K, used 148134K [0x0000000080000000, 0x0000000100000000)
  region size 1024K, 7 young (7168K), 7 survivors (7168K)
 Metaspace       used 153418K, committed 154368K, reserved 1245184K
  class space    used 19682K, committed 20096K, reserved 1048576K
}
Event: 42.407 GC heap before
{Heap before GC invocations=59 (full 0):
 garbage-first heap   total 245760K, used 206502K [0x0000000080000000, 0x0000000100000000)
  region size 1024K, 64 young (65536K), 7 survivors (7168K)
 Metaspace       used 157178K, committed 158144K, reserved 1245184K
  class space    used 20153K, committed 20608K, reserved 1048576K
}
Event: 42.413 GC heap after
{Heap after GC invocations=60 (full 0):
 garbage-first heap   total 245760K, used 152003K [0x0000000080000000, 0x0000000100000000)
  region size 1024K, 8 young (8192K), 8 survivors (8192K)
 Metaspace       used 157178K, committed 158144K, reserved 1245184K
  class space    used 20153K, committed 20608K, reserved 1048576K
}
Event: 42.729 GC heap before
{Heap before GC invocations=60 (full 0):
 garbage-first heap   total 245760K, used 181699K [0x0000000080000000, 0x0000000100000000)
  region size 1024K, 35 young (35840K), 8 survivors (8192K)
 Metaspace       used 158686K, committed 159680K, reserved 1245184K
  class space    used 20284K, committed 20736K, reserved 1048576K
}
Event: 42.736 GC heap after
{Heap after GC invocations=61 (full 0):
 garbage-first heap   total 245760K, used 160330K [0x0000000080000000, 0x0000000100000000)
  region size 1024K, 8 young (8192K), 8 survivors (8192K)
 Metaspace       used 158686K, committed 159680K, reserved 1245184K
  class space    used 20284K, committed 20736K, reserved 1048576K
}
Event: 45.667 GC heap before
{Heap before GC invocations=62 (full 0):
 garbage-first heap   total 273408K, used 203338K [0x0000000080000000, 0x0000000100000000)
  region size 1024K, 51 young (52224K), 8 survivors (8192K)
 Metaspace       used 161076K, committed 162048K, reserved 1245184K
  class space    used 20583K, committed 21056K, reserved 1048576K
}
Event: 45.672 GC heap after
{Heap after GC invocations=63 (full 0):
 garbage-first heap   total 273408K, used 158345K [0x0000000080000000, 0x0000000100000000)
  region size 1024K, 4 young (4096K), 4 survivors (4096K)
 Metaspace       used 161076K, committed 162048K, reserved 1245184K
  class space    used 20583K, committed 21056K, reserved 1048576K
}
Event: 47.056 GC heap before
{Heap before GC invocations=63 (full 0):
 garbage-first heap   total 273408K, used 166537K [0x0000000080000000, 0x0000000100000000)
  region size 1024K, 13 young (13312K), 4 survivors (4096K)
 Metaspace       used 161155K, committed 162176K, reserved 1245184K
  class space    used 20584K, committed 21056K, reserved 1048576K
}
Event: 47.062 GC heap after
{Heap after GC invocations=64 (full 0):
 garbage-first heap   total 273408K, used 140535K [0x0000000080000000, 0x0000000100000000)
  region size 1024K, 1 young (1024K), 1 survivors (1024K)
 Metaspace       used 161155K, committed 162176K, reserved 1245184K
  class space    used 20584K, committed 21056K, reserved 1048576K
}
Event: 57.776 GC heap before
{Heap before GC invocations=64 (full 0):
 garbage-first heap   total 273408K, used 224503K [0x0000000080000000, 0x0000000100000000)
  region size 1024K, 84 young (86016K), 1 survivors (1024K)
 Metaspace       used 161814K, committed 162816K, reserved 1245184K
  class space    used 20629K, committed 21056K, reserved 1048576K
}
Event: 57.780 GC heap after
{Heap after GC invocations=65 (full 0):
 garbage-first heap   total 273408K, used 144927K [0x0000000080000000, 0x0000000100000000)
  region size 1024K, 6 young (6144K), 6 survivors (6144K)
 Metaspace       used 161814K, committed 162816K, reserved 1245184K
  class space    used 20629K, committed 21056K, reserved 1048576K
}
Event: 63.701 GC heap before
{Heap before GC invocations=65 (full 0):
 garbage-first heap   total 273408K, used 225823K [0x0000000080000000, 0x0000000100000000)
  region size 1024K, 86 young (88064K), 6 survivors (6144K)
 Metaspace       used 162042K, committed 163008K, reserved 1245184K
  class space    used 20636K, committed 21056K, reserved 1048576K
}
Event: 63.706 GC heap after
{Heap after GC invocations=66 (full 0):
 garbage-first heap   total 273408K, used 148647K [0x0000000080000000, 0x0000000100000000)
  region size 1024K, 9 young (9216K), 9 survivors (9216K)
 Metaspace       used 162042K, committed 163008K, reserved 1245184K
  class space    used 20636K, committed 21056K, reserved 1048576K
}

