# JRE version: OpenJDK Runtime Environment Microsoft-11926163 (17.0.16+8) (build 17.0.16+8-LTS)
# Java VM: OpenJDK 64-Bit Server VM Microsoft-11926163 (17.0.16+8-LTS, mixed mode, sharing, tiered, compressed oops, compressed class ptrs, g1 gc, windows-amd64)
GC Precious Log:
 CPUs: 12 total, 12 available
 Memory: 11995M
 Large Page Support: Disabled
 NUMA Support: Disabled
 Compressed Oops: Enabled (32-bit)
 Heap Region Size: 1M
 Heap Min Capacity: 8M
 Heap Initial Capacity: 188M
 Heap Max Capacity: 2G
 Pre-touch: Disabled
 Parallel Workers: 10
 Concurrent Workers: 3
 Concurrent Refinement Workers: 10
 Periodic GC: Disabled
Heap:
 garbage-first heap   total 321536K, used 152655K [0x0000000080000000, 0x0000000100000000)
  region size 1024K, 43 young (44032K), 3 survivors (3072K)
 Metaspace       used 104711K, committed 105472K, reserved 1179648K
  class space    used 14023K, committed 14400K, reserved 1048576K
GC Heap History (20 events):
Event: 15.944 GC heap before
{Heap before GC invocations=32 (full 0):
 garbage-first heap   total 176128K, used 142890K [0x0000000080000000, 0x0000000100000000)
  region size 1024K, 65 young (66560K), 1 survivors (1024K)
 Metaspace       used 84299K, committed 85184K, reserved 1179648K
  class space    used 11744K, committed 12160K, reserved 1048576K
}
Event: 15.947 GC heap after
{Heap after GC invocations=33 (full 0):
 garbage-first heap   total 176128K, used 80511K [0x0000000080000000, 0x0000000100000000)
  region size 1024K, 4 young (4096K), 4 survivors (4096K)
 Metaspace       used 84299K, committed 85184K, reserved 1179648K
  class space    used 11744K, committed 12160K, reserved 1048576K
}
Event: 16.118 GC heap before
{Heap before GC invocations=33 (full 0):
 garbage-first heap   total 176128K, used 104063K [0x0000000080000000, 0x0000000100000000)
  region size 1024K, 28 young (28672K), 4 survivors (4096K)
 Metaspace       used 84407K, committed 85312K, reserved 1179648K
  class space    used 11748K, committed 12160K, reserved 1048576K
}
Event: 16.131 GC heap after
{Heap after GC invocations=34 (full 0):
 garbage-first heap   total 176128K, used 89795K [0x0000000080000000, 0x0000000100000000)
  region size 1024K, 8 young (8192K), 8 survivors (8192K)
 Metaspace       used 84407K, committed 85312K, reserved 1179648K
  class space    used 11748K, committed 12160K, reserved 1048576K
}
Event: 16.432 GC heap before
{Heap before GC invocations=35 (full 0):
 garbage-first heap   total 176128K, used 135875K [0x0000000080000000, 0x0000000100000000)
  region size 1024K, 52 young (53248K), 8 survivors (8192K)
 Metaspace       used 84441K, committed 85312K, reserved 1179648K
  class space    used 11755K, committed 12160K, reserved 1048576K
}
Event: 16.443 GC heap after
{Heap after GC invocations=36 (full 0):
 garbage-first heap   total 176128K, used 96157K [0x0000000080000000, 0x0000000100000000)
  region size 1024K, 7 young (7168K), 7 survivors (7168K)
 Metaspace       used 84441K, committed 85312K, reserved 1179648K
  class space    used 11755K, committed 12160K, reserved 1048576K
}
Event: 16.469 GC heap before
{Heap before GC invocations=36 (full 0):
 garbage-first heap   total 176128K, used 96157K [0x0000000080000000, 0x0000000100000000)
  region size 1024K, 8 young (8192K), 7 survivors (7168K)
 Metaspace       used 84473K, committed 85312K, reserved 1179648K
  class space    used 11766K, committed 12160K, reserved 1048576K
}
Event: 16.474 GC heap after
{Heap after GC invocations=37 (full 0):
 garbage-first heap   total 176128K, used 97682K [0x0000000080000000, 0x0000000100000000)
  region size 1024K, 1 young (1024K), 1 survivors (1024K)
 Metaspace       used 84473K, committed 85312K, reserved 1179648K
  class space    used 11766K, committed 12160K, reserved 1048576K
}
Event: 17.079 GC heap before
{Heap before GC invocations=37 (full 0):
 garbage-first heap   total 176128K, used 141714K [0x0000000080000000, 0x0000000100000000)
  region size 1024K, 37 young (37888K), 1 survivors (1024K)
 Metaspace       used 88521K, committed 89280K, reserved 1179648K
  class space    used 12248K, committed 12608K, reserved 1048576K
}
Event: 17.081 GC heap after
{Heap after GC invocations=38 (full 0):
 garbage-first heap   total 176128K, used 106463K [0x0000000080000000, 0x0000000100000000)
  region size 1024K, 3 young (3072K), 3 survivors (3072K)
 Metaspace       used 88521K, committed 89280K, reserved 1179648K
  class space    used 12248K, committed 12608K, reserved 1048576K
}
Event: 17.391 GC heap before
{Heap before GC invocations=38 (full 0):
 garbage-first heap   total 176128K, used 139231K [0x0000000080000000, 0x0000000100000000)
  region size 1024K, 35 young (35840K), 3 survivors (3072K)
 Metaspace       used 91994K, committed 92736K, reserved 1179648K
  class space    used 12574K, committed 12928K, reserved 1048576K
}
Event: 17.393 GC heap after
{Heap after GC invocations=39 (full 0):
 garbage-first heap   total 176128K, used 108426K [0x0000000080000000, 0x0000000100000000)
  region size 1024K, 5 young (5120K), 5 survivors (5120K)
 Metaspace       used 91994K, committed 92736K, reserved 1179648K
  class space    used 12574K, committed 12928K, reserved 1048576K
}
Event: 18.164 GC heap before
{Heap before GC invocations=39 (full 0):
 garbage-first heap   total 176128K, used 142218K [0x0000000080000000, 0x0000000100000000)
  region size 1024K, 38 young (38912K), 5 survivors (5120K)
 Metaspace       used 96221K, committed 97024K, reserved 1179648K
  class space    used 12982K, committed 13376K, reserved 1048576K
}
Event: 18.168 GC heap after
{Heap after GC invocations=40 (full 0):
 garbage-first heap   total 176128K, used 109988K [0x0000000080000000, 0x0000000100000000)
  region size 1024K, 4 young (4096K), 4 survivors (4096K)
 Metaspace       used 96221K, committed 97024K, reserved 1179648K
  class space    used 12982K, committed 13376K, reserved 1048576K
}
Event: 19.341 GC heap before
{Heap before GC invocations=41 (full 0):
 garbage-first heap   total 186368K, used 143780K [0x0000000080000000, 0x0000000100000000)
  region size 1024K, 38 young (38912K), 4 survivors (4096K)
 Metaspace       used 100439K, committed 101312K, reserved 1179648K
  class space    used 13551K, committed 13952K, reserved 1048576K
}
Event: 19.349 GC heap after
{Heap after GC invocations=42 (full 0):
 garbage-first heap   total 186368K, used 111401K [0x0000000080000000, 0x0000000100000000)
  region size 1024K, 4 young (4096K), 4 survivors (4096K)
 Metaspace       used 100439K, committed 101312K, reserved 1179648K
  class space    used 13551K, committed 13952K, reserved 1048576K
}
Event: 19.544 GC heap before
{Heap before GC invocations=42 (full 0):
 garbage-first heap   total 186368K, used 116521K [0x0000000080000000, 0x0000000100000000)
  region size 1024K, 9 young (9216K), 4 survivors (4096K)
 Metaspace       used 101191K, committed 102016K, reserved 1179648K
  class space    used 13657K, committed 14016K, reserved 1048576K
}
Event: 19.548 GC heap after
{Heap after GC invocations=43 (full 0):
 garbage-first heap   total 186368K, used 110913K [0x0000000080000000, 0x0000000100000000)
  region size 1024K, 1 young (1024K), 1 survivors (1024K)
 Metaspace       used 101191K, committed 102016K, reserved 1179648K
  class space    used 13657K, committed 14016K, reserved 1048576K
}
Event: 20.239 GC heap before
{Heap before GC invocations=43 (full 0):
 garbage-first heap   total 186368K, used 153921K [0x0000000080000000, 0x0000000100000000)
  region size 1024K, 42 young (43008K), 1 survivors (1024K)
 Metaspace       used 103146K, committed 103936K, reserved 1179648K
  class space    used 13880K, committed 14272K, reserved 1048576K
}
Event: 20.243 GC heap after
{Heap after GC invocations=44 (full 0):
 garbage-first heap   total 321536K, used 112719K [0x0000000080000000, 0x0000000100000000)
  region size 1024K, 3 young (3072K), 3 survivors (3072K)
 Metaspace       used 103146K, committed 103936K, reserved 1179648K
  class space    used 13880K, committed 14272K, reserved 1048576K
}

