# JRE version: OpenJDK Runtime Environment Microsoft-11926163 (17.0.16+8) (build 17.0.16+8-LTS)
# Java VM: OpenJDK 64-Bit Server VM Microsoft-11926163 (17.0.16+8-LTS, mixed mode, sharing, tiered, compressed oops, compressed class ptrs, g1 gc, windows-amd64)
GC Precious Log:
 CPUs: 12 total, 12 available
 Memory: 11995M
 Large Page Support: Disabled
 NUMA Support: Disabled
 Compressed Oops: Enabled (32-bit)
 Heap Region Size: 1M
 Heap Min Capacity: 8M
 Heap Initial Capacity: 188M
 Heap Max Capacity: 2G
 Pre-touch: Disabled
 Parallel Workers: 10
 Concurrent Workers: 3
 Concurrent Refinement Workers: 10
 Periodic GC: Disabled
Heap:
 garbage-first heap   total 410624K, used 206777K [0x0000000080000000, 0x0000000100000000)
  region size 1024K, 4 young (4096K), 4 survivors (4096K)
 Metaspace       used 171561K, committed 172672K, reserved 1245184K
  class space    used 21534K, committed 22080K, reserved 1048576K
GC Heap History (20 events):
Event: 2414.852 GC heap after
{Heap after GC invocations=66 (full 0):
 garbage-first heap   total 410624K, used 151107K [0x0000000080000000, 0x0000000100000000)
  region size 1024K, 2 young (2048K), 2 survivors (2048K)
 Metaspace       used 160215K, committed 161152K, reserved 1245184K
  class space    used 20119K, committed 20544K, reserved 1048576K
}
Event: 2414.860 GC heap before
{Heap before GC invocations=66 (full 0):
 garbage-first heap   total 410624K, used 153155K [0x0000000080000000, 0x0000000100000000)
  region size 1024K, 5 young (5120K), 2 survivors (2048K)
 Metaspace       used 160219K, committed 161152K, reserved 1245184K
  class space    used 20119K, committed 20544K, reserved 1048576K
}
Event: 2414.862 GC heap after
{Heap after GC invocations=67 (full 0):
 garbage-first heap   total 410624K, used 150548K [0x0000000080000000, 0x0000000100000000)
  region size 1024K, 2 young (2048K), 2 survivors (2048K)
 Metaspace       used 160219K, committed 161152K, reserved 1245184K
  class space    used 20119K, committed 20544K, reserved 1048576K
}
Event: 2416.958 GC heap before
{Heap before GC invocations=68 (full 0):
 garbage-first heap   total 410624K, used 305172K [0x0000000080000000, 0x0000000100000000)
  region size 1024K, 145 young (148480K), 2 survivors (2048K)
 Metaspace       used 162373K, committed 163328K, reserved 1245184K
  class space    used 20326K, committed 20800K, reserved 1048576K
}
Event: 2416.968 GC heap after
{Heap after GC invocations=69 (full 0):
 garbage-first heap   total 410624K, used 167145K [0x0000000080000000, 0x0000000100000000)
  region size 1024K, 18 young (18432K), 18 survivors (18432K)
 Metaspace       used 162373K, committed 163328K, reserved 1245184K
  class space    used 20326K, committed 20800K, reserved 1048576K
}
Event: 2416.996 GC heap before
{Heap before GC invocations=69 (full 0):
 garbage-first heap   total 410624K, used 169193K [0x0000000080000000, 0x0000000100000000)
  region size 1024K, 20 young (20480K), 18 survivors (18432K)
 Metaspace       used 162420K, committed 163392K, reserved 1245184K
  class space    used 20339K, committed 20800K, reserved 1048576K
}
Event: 2417.006 GC heap after
{Heap after GC invocations=70 (full 0):
 garbage-first heap   total 410624K, used 167794K [0x0000000080000000, 0x0000000100000000)
  region size 1024K, 3 young (3072K), 3 survivors (3072K)
 Metaspace       used 162420K, committed 163392K, reserved 1245184K
  class space    used 20339K, committed 20800K, reserved 1048576K
}
Event: 2419.326 GC heap before
{Heap before GC invocations=70 (full 0):
 garbage-first heap   total 410624K, used 306034K [0x0000000080000000, 0x0000000100000000)
  region size 1024K, 138 young (141312K), 3 survivors (3072K)
 Metaspace       used 169736K, committed 170816K, reserved 1245184K
  class space    used 21400K, committed 21952K, reserved 1048576K
}
Event: 2419.332 GC heap after
{Heap after GC invocations=71 (full 0):
 garbage-first heap   total 410624K, used 173805K [0x0000000080000000, 0x0000000100000000)
  region size 1024K, 9 young (9216K), 9 survivors (9216K)
 Metaspace       used 169736K, committed 170816K, reserved 1245184K
  class space    used 21400K, committed 21952K, reserved 1048576K
}
Event: 2550.221 GC heap before
{Heap before GC invocations=72 (full 0):
 garbage-first heap   total 410624K, used 304877K [0x0000000080000000, 0x0000000100000000)
  region size 1024K, 146 young (149504K), 9 survivors (9216K)
 Metaspace       used 170994K, committed 172096K, reserved 1245184K
  class space    used 21530K, committed 22080K, reserved 1048576K
}
Event: 2550.250 GC heap after
{Heap after GC invocations=73 (full 0):
 garbage-first heap   total 410624K, used 168951K [0x0000000080000000, 0x0000000100000000)
  region size 1024K, 12 young (12288K), 12 survivors (12288K)
 Metaspace       used 170994K, committed 172096K, reserved 1245184K
  class space    used 21530K, committed 22080K, reserved 1048576K
}
Event: 2550.326 GC heap before
{Heap before GC invocations=73 (full 0):
 garbage-first heap   total 410624K, used 177143K [0x0000000080000000, 0x0000000100000000)
  region size 1024K, 20 young (20480K), 12 survivors (12288K)
 Metaspace       used 170999K, committed 172096K, reserved 1245184K
  class space    used 21531K, committed 22080K, reserved 1048576K
}
Event: 2550.341 GC heap after
{Heap after GC invocations=74 (full 0):
 garbage-first heap   total 410624K, used 165679K [0x0000000080000000, 0x0000000100000000)
  region size 1024K, 2 young (2048K), 2 survivors (2048K)
 Metaspace       used 170999K, committed 172096K, reserved 1245184K
  class space    used 21531K, committed 22080K, reserved 1048576K
}
Event: 2550.927 GC heap before
{Heap before GC invocations=74 (full 0):
 garbage-first heap   total 410624K, used 223023K [0x0000000080000000, 0x0000000100000000)
  region size 1024K, 60 young (61440K), 2 survivors (2048K)
 Metaspace       used 171190K, committed 172224K, reserved 1245184K
  class space    used 21537K, committed 22080K, reserved 1048576K
}
Event: 2550.932 GC heap after
{Heap after GC invocations=75 (full 0):
 garbage-first heap   total 410624K, used 168620K [0x0000000080000000, 0x0000000100000000)
  region size 1024K, 5 young (5120K), 5 survivors (5120K)
 Metaspace       used 171190K, committed 172224K, reserved 1245184K
  class space    used 21537K, committed 22080K, reserved 1048576K
}
Event: 2553.264 GC heap before
{Heap before GC invocations=76 (full 0):
 garbage-first heap   total 410624K, used 343724K [0x0000000080000000, 0x0000000100000000)
  region size 1024K, 160 young (163840K), 5 survivors (5120K)
 Metaspace       used 171529K, committed 172672K, reserved 1245184K
  class space    used 21534K, committed 22080K, reserved 1048576K
}
Event: 2553.312 GC heap after
{Heap after GC invocations=77 (full 0):
 garbage-first heap   total 410624K, used 208552K [0x0000000080000000, 0x0000000100000000)
  region size 1024K, 20 young (20480K), 20 survivors (20480K)
 Metaspace       used 171529K, committed 172672K, reserved 1245184K
  class space    used 21534K, committed 22080K, reserved 1048576K
}
Event: 2553.316 GC heap before
{Heap before GC invocations=77 (full 0):
 garbage-first heap   total 410624K, used 209576K [0x0000000080000000, 0x0000000100000000)
  region size 1024K, 21 young (21504K), 20 survivors (20480K)
 Metaspace       used 171529K, committed 172672K, reserved 1245184K
  class space    used 21534K, committed 22080K, reserved 1048576K
}
Event: 2553.341 GC heap after
{Heap after GC invocations=78 (full 0):
 garbage-first heap   total 410624K, used 204016K [0x0000000080000000, 0x0000000100000000)
  region size 1024K, 1 young (1024K), 1 survivors (1024K)
 Metaspace       used 171529K, committed 172672K, reserved 1245184K
  class space    used 21534K, committed 22080K, reserved 1048576K
}
Event: 2553.918 GC heap before
{Heap before GC invocations=78 (full 0):
 garbage-first heap   total 410624K, used 221424K [0x0000000080000000, 0x0000000100000000)
  region size 1024K, 19 young (19456K), 1 survivors (1024K)
 Metaspace       used 171561K, committed 172672K, reserved 1245184K
  class space    used 21534K, committed 22080K, reserved 1048576K
}

