# JRE version: OpenJDK Runtime Environment Microsoft-11926163 (17.0.16+8) (build 17.0.16+8-LTS)
# Java VM: OpenJDK 64-Bit Server VM Microsoft-11926163 (17.0.16+8-LTS, mixed mode, sharing, tiered, compressed oops, compressed class ptrs, g1 gc, windows-amd64)
GC Precious Log:
 CPUs: 12 total, 12 available
 Memory: 11995M
 Large Page Support: Disabled
 NUMA Support: Disabled
 Compressed Oops: Enabled (32-bit)
 Heap Region Size: 1M
 Heap Min Capacity: 8M
 Heap Initial Capacity: 188M
 Heap Max Capacity: 2G
 Pre-touch: Disabled
 Parallel Workers: 10
 Concurrent Workers: 3
 Concurrent Refinement Workers: 10
 Periodic GC: Disabled
Heap:
 garbage-first heap   total 314368K, used 187480K [0x0000000080000000, 0x0000000100000000)
  region size 1024K, 4 young (4096K), 1 survivors (1024K)
 Metaspace       used 160125K, committed 161152K, reserved 1245184K
  class space    used 20714K, committed 21184K, reserved 1048576K
GC Heap History (20 events):
Event: 25.733 GC heap before
{Heap before GC invocations=55 (full 0):
 garbage-first heap   total 211968K, used 178479K [0x0000000080000000, 0x0000000100000000)
  region size 1024K, 24 young (24576K), 2 survivors (2048K)
 Metaspace       used 157599K, committed 158656K, reserved 1245184K
  class space    used 20440K, committed 20928K, reserved 1048576K
}
Event: 25.736 GC heap after
{Heap after GC invocations=56 (full 0):
 garbage-first heap   total 211968K, used 158230K [0x0000000080000000, 0x0000000100000000)
  region size 1024K, 3 young (3072K), 3 survivors (3072K)
 Metaspace       used 157599K, committed 158656K, reserved 1245184K
  class space    used 20440K, committed 20928K, reserved 1048576K
}
Event: 25.968 GC heap before
{Heap before GC invocations=56 (full 0):
 garbage-first heap   total 211968K, used 179734K [0x0000000080000000, 0x0000000100000000)
  region size 1024K, 25 young (25600K), 3 survivors (3072K)
 Metaspace       used 157623K, committed 158656K, reserved 1245184K
  class space    used 20440K, committed 20928K, reserved 1048576K
}
Event: 25.970 GC heap after
{Heap after GC invocations=57 (full 0):
 garbage-first heap   total 211968K, used 158984K [0x0000000080000000, 0x0000000100000000)
  region size 1024K, 4 young (4096K), 4 survivors (4096K)
 Metaspace       used 157623K, committed 158656K, reserved 1245184K
  class space    used 20440K, committed 20928K, reserved 1048576K
}
Event: 26.119 GC heap before
{Heap before GC invocations=57 (full 0):
 garbage-first heap   total 211968K, used 178440K [0x0000000080000000, 0x0000000100000000)
  region size 1024K, 24 young (24576K), 4 survivors (4096K)
 Metaspace       used 157652K, committed 158656K, reserved 1245184K
  class space    used 20440K, committed 20928K, reserved 1048576K
}
Event: 26.121 GC heap after
{Heap after GC invocations=58 (full 0):
 garbage-first heap   total 211968K, used 159359K [0x0000000080000000, 0x0000000100000000)
  region size 1024K, 3 young (3072K), 3 survivors (3072K)
 Metaspace       used 157652K, committed 158656K, reserved 1245184K
  class space    used 20440K, committed 20928K, reserved 1048576K
}
Event: 26.629 GC heap before
{Heap before GC invocations=58 (full 0):
 garbage-first heap   total 211968K, used 179839K [0x0000000080000000, 0x0000000100000000)
  region size 1024K, 24 young (24576K), 3 survivors (3072K)
 Metaspace       used 157731K, committed 158784K, reserved 1245184K
  class space    used 20450K, committed 20992K, reserved 1048576K
}
Event: 26.632 GC heap after
{Heap after GC invocations=59 (full 0):
 garbage-first heap   total 211968K, used 160286K [0x0000000080000000, 0x0000000100000000)
  region size 1024K, 3 young (3072K), 3 survivors (3072K)
 Metaspace       used 157731K, committed 158784K, reserved 1245184K
  class space    used 20450K, committed 20992K, reserved 1048576K
}
Event: 26.817 GC heap before
{Heap before GC invocations=59 (full 0):
 garbage-first heap   total 211968K, used 179742K [0x0000000080000000, 0x0000000100000000)
  region size 1024K, 23 young (23552K), 3 survivors (3072K)
 Metaspace       used 158052K, committed 159104K, reserved 1245184K
  class space    used 20511K, committed 21056K, reserved 1048576K
}
Event: 26.819 GC heap after
{Heap after GC invocations=60 (full 0):
 garbage-first heap   total 211968K, used 161724K [0x0000000080000000, 0x0000000100000000)
  region size 1024K, 3 young (3072K), 3 survivors (3072K)
 Metaspace       used 158052K, committed 159104K, reserved 1245184K
  class space    used 20511K, committed 21056K, reserved 1048576K
}
Event: 27.103 GC heap before
{Heap before GC invocations=60 (full 0):
 garbage-first heap   total 211968K, used 184252K [0x0000000080000000, 0x0000000100000000)
  region size 1024K, 22 young (22528K), 3 survivors (3072K)
 Metaspace       used 158781K, committed 159808K, reserved 1245184K
  class space    used 20569K, committed 21056K, reserved 1048576K
}
Event: 27.107 GC heap after
{Heap after GC invocations=61 (full 0):
 garbage-first heap   total 211968K, used 169703K [0x0000000080000000, 0x0000000100000000)
  region size 1024K, 3 young (3072K), 3 survivors (3072K)
 Metaspace       used 158781K, committed 159808K, reserved 1245184K
  class space    used 20569K, committed 21056K, reserved 1048576K
}
Event: 27.292 GC heap before
{Heap before GC invocations=61 (full 0):
 garbage-first heap   total 211968K, used 179943K [0x0000000080000000, 0x0000000100000000)
  region size 1024K, 14 young (14336K), 3 survivors (3072K)
 Metaspace       used 159639K, committed 160640K, reserved 1245184K
  class space    used 20676K, committed 21184K, reserved 1048576K
}
Event: 27.295 GC heap after
{Heap after GC invocations=62 (full 0):
 garbage-first heap   total 211968K, used 171627K [0x0000000080000000, 0x0000000100000000)
  region size 1024K, 2 young (2048K), 2 survivors (2048K)
 Metaspace       used 159639K, committed 160640K, reserved 1245184K
  class space    used 20676K, committed 21184K, reserved 1048576K
}
Event: 27.354 GC heap before
{Heap before GC invocations=62 (full 0):
 garbage-first heap   total 211968K, used 179819K [0x0000000080000000, 0x0000000100000000)
  region size 1024K, 10 young (10240K), 2 survivors (2048K)
 Metaspace       used 159680K, committed 160704K, reserved 1245184K
  class space    used 20676K, committed 21184K, reserved 1048576K
}
Event: 27.357 GC heap after
{Heap after GC invocations=63 (full 0):
 garbage-first heap   total 211968K, used 179200K [0x0000000080000000, 0x0000000100000000)
  region size 1024K, 2 young (2048K), 2 survivors (2048K)
 Metaspace       used 159680K, committed 160704K, reserved 1245184K
  class space    used 20676K, committed 21184K, reserved 1048576K
}
Event: 27.422 GC heap before
{Heap before GC invocations=63 (full 0):
 garbage-first heap   total 211968K, used 186368K [0x0000000080000000, 0x0000000100000000)
  region size 1024K, 10 young (10240K), 2 survivors (2048K)
 Metaspace       used 159822K, committed 160896K, reserved 1245184K
  class space    used 20693K, committed 21184K, reserved 1048576K
}
Event: 27.425 GC heap after
{Heap after GC invocations=64 (full 0):
 garbage-first heap   total 211968K, used 184227K [0x0000000080000000, 0x0000000100000000)
  region size 1024K, 2 young (2048K), 2 survivors (2048K)
 Metaspace       used 159822K, committed 160896K, reserved 1245184K
  class space    used 20693K, committed 21184K, reserved 1048576K
}
Event: 27.725 GC heap before
{Heap before GC invocations=64 (full 0):
 garbage-first heap   total 211968K, used 192419K [0x0000000080000000, 0x0000000100000000)
  region size 1024K, 10 young (10240K), 2 survivors (2048K)
 Metaspace       used 160041K, committed 161088K, reserved 1245184K
  class space    used 20713K, committed 21184K, reserved 1048576K
}
Event: 27.728 GC heap after
{Heap after GC invocations=65 (full 0):
 garbage-first heap   total 211968K, used 185432K [0x0000000080000000, 0x0000000100000000)
  region size 1024K, 1 young (1024K), 1 survivors (1024K)
 Metaspace       used 160041K, committed 161088K, reserved 1245184K
  class space    used 20713K, committed 21184K, reserved 1048576K
}

